<1/29/2014 8:45:25 PM>[NavM][NavLoad] Beginning NavMesh initialization.
<1/29/2014 8:45:25 PM>[NavM][NavLoad] NavMesh found. Parsing & Loading
<1/29/2014 8:45:26 PM>[NavM][NavLoad] Loading NavNodeLinks took 39.8264ms.
<1/29/2014 8:45:26 PM>[NavM][NavLoad] <519> nodes loaded in 339.936ms.
<1/29/2014 8:45:26 PM>[NavM][NavSimp] Beginning simplification of sub-divded nodes.
<1/29/2014 8:45:26 PM>[NavM][NavSimp] Openset nodes [72] (99,127,129,130,131,160,162,164,165,172,195,197,200,201,207,208,209,210,233,235,239,240,245,246,247,248,271,273,278,279,283,284,285,286,309,311,317,318,321,322,323,324,347,349,356,357,359,360,361,362,385,387,395,396,397,398,399,400,423,425,434,435,436,437,460,462,472,473,496,498,509,510)
<1/29/2014 8:45:26 PM>[NavM][NavSimp] curSet(1). Starting from node <165>.
<1/29/2014 8:45:26 PM>[NavM][NavSimp] Checking nextRowNode (164) is in Openset.
<1/29/2014 8:45:26 PM>[NavM][NavSimp] curSet UIDs(165). Adding node <164>.
<1/29/2014 8:45:26 PM>[NavM][NavSimp] Row Count is now at 1(+1). Maximum row size reached.
<1/29/2014 8:45:26 PM>[NavM][NavSimp] End of Row reached. O(70) Cur(2) C(0).
<1/29/2014 8:45:26 PM>[NavM][NavSimp] Beginning search for matching columns.
<1/29/2014 8:45:26 PM>[NavM][NavSimp] Found (0) nodes for column.
<1/29/2014 8:45:26 PM>[NavM][NavSimp] No nodes found from initial row search direction, reversing.
<1/29/2014 8:45:26 PM>[NavM][NavSimp] Found (0) nodes for column.
<1/29/2014 8:45:26 PM>[NavM][NavSimp] End of Column reached. O(70) Cur(2) C(0).
<1/29/2014 8:45:26 PM>[NavM][NavSimp] Creating Navnode <1> at (-91.3, 0.4, 86.9). Extents are set to (3.0, 0.0, 1.5).
<1/29/2014 8:45:26 PM>[NavM][NavSimp] curSet(1). Starting from node <509>.
<1/29/2014 8:45:26 PM>[NavM][NavSimp] Checking nextRowNode (438) is in Openset.
<1/29/2014 8:45:26 PM>[NavM][NavSimp] curSet(1). Node <438> did not exist in Openset, discarding and reversing direction.
<1/29/2014 8:45:26 PM>[NavM][NavSimp] End of Row reached. O(69) Cur(1) C(2).
<1/29/2014 8:45:26 PM>[NavM][NavSimp] Beginning search for matching columns.
<1/29/2014 8:45:26 PM>[NavM][NavSimp] Found (1) nodes for column.
<1/29/2014 8:45:26 PM>[NavM][NavSimp] Column found with UIDs(,510).
<1/29/2014 8:45:26 PM>[NavM][NavSimp] Found (0) nodes for column.
<1/29/2014 8:45:26 PM>[NavM][NavSimp] End of Column reached. O(68) Cur(2) C(2).
<1/29/2014 8:45:26 PM>[NavM][NavSimp] Creating Navnode <2> at (-113.1, 0.4, 132.6). Extents are set to (1.5, 0.0, 3.0).
<1/29/2014 8:45:26 PM>[NavM][NavSimp] curSet(1). Starting from node <239>.
<1/29/2014 8:45:26 PM>[NavM][NavSimp] Checking nextRowNode (201) is in Openset.
<1/29/2014 8:45:26 PM>[NavM][NavSimp] curSet UIDs(239). Adding node <201>.
<1/29/2014 8:45:26 PM>[NavM][NavSimp] Row Count is now at 1(+1). Maximum row size reached.
<1/29/2014 8:45:26 PM>[NavM][NavSimp] End of Row reached. O(66) Cur(2) C(4).
<1/29/2014 8:45:26 PM>[NavM][NavSimp] Beginning search for matching columns.
<1/29/2014 8:45:26 PM>[NavM][NavSimp] Found (0) nodes for column.
<1/29/2014 8:45:26 PM>[NavM][NavSimp] No nodes found from initial row search direction, reversing.
<1/29/2014 8:45:26 PM>[NavM][NavSimp] Found (0) nodes for column.
<1/29/2014 8:45:26 PM>[NavM][NavSimp] End of Column reached. O(66) Cur(2) C(4).
<1/29/2014 8:45:26 PM>[NavM][NavSimp] Creating Navnode <3> at (-95.8, 0.4, 86.9). Extents are set to (3.0, 0.0, 1.5).
<1/29/2014 8:45:26 PM>[NavM][NavSimp] curSet(1). Starting from node <271>.
<1/29/2014 8:45:26 PM>[NavM][NavSimp] Checking nextRowNode (311) is in Openset.
<1/29/2014 8:45:26 PM>[NavM][NavSimp] curSet UIDs(271). Adding node <311>.
<1/29/2014 8:45:26 PM>[NavM][NavSimp] Row Count is now at 1(+1). Maximum row size reached.
<1/29/2014 8:45:26 PM>[NavM][NavSimp] End of Row reached. O(64) Cur(2) C(6).
<1/29/2014 8:45:26 PM>[NavM][NavSimp] Beginning search for matching columns.
<1/29/2014 8:45:26 PM>[NavM][NavSimp] Found (0) nodes for column.
<1/29/2014 8:45:26 PM>[NavM][NavSimp] No nodes found from initial row search direction, reversing.
<1/29/2014 8:45:26 PM>[NavM][NavSimp] Found (0) nodes for column.
<1/29/2014 8:45:26 PM>[NavM][NavSimp] End of Column reached. O(64) Cur(2) C(6).
<1/29/2014 8:45:26 PM>[NavM][NavSimp] Creating Navnode <4> at (-70.3, 0.4, 86.9). Extents are set to (3.0, 0.0, 1.5).
<1/29/2014 8:45:26 PM>[NavM][NavSimp] curSet(1). Starting from node <246>.
<1/29/2014 8:45:26 PM>[NavM][NavSimp] Checking nextRowNode (206) is in Openset.
<1/29/2014 8:45:26 PM>[NavM][NavSimp] curSet(1). Node <206> did not exist in Openset, discarding and reversing direction.
<1/29/2014 8:45:26 PM>[NavM][NavSimp] End of Row reached. O(63) Cur(1) C(8).
<1/29/2014 8:45:26 PM>[NavM][NavSimp] Beginning search for matching columns.
<1/29/2014 8:45:26 PM>[NavM][NavSimp] Found (1) nodes for column.
<1/29/2014 8:45:26 PM>[NavM][NavSimp] Column found with UIDs(,207).
<1/29/2014 8:45:26 PM>[NavM][NavSimp] Found (1) nodes for column.
<1/29/2014 8:45:26 PM>[NavM][NavSimp] Column Count is now at 1(+1). Maximum column size reached
<1/29/2014 8:45:26 PM>[NavM][NavSimp] End of Column reached. O(62) Cur(2) C(8).
<1/29/2014 8:45:26 PM>[NavM][NavSimp] Creating Navnode <5> at (-113.1, 0.4, 102.6). Extents are set to (1.5, 0.0, 3.0).
<1/29/2014 8:45:26 PM>[NavM][NavSimp] curSet(1). Starting from node <498>.
<1/29/2014 8:45:26 PM>[NavM][NavSimp] Checking nextRowNode (496) is in Openset.
<1/29/2014 8:45:26 PM>[NavM][NavSimp] curSet UIDs(498). Adding node <496>.
<1/29/2014 8:45:26 PM>[NavM][NavSimp] End of Row reached. O(60) Cur(2) C(10).
<1/29/2014 8:45:26 PM>[NavM][NavSimp] Beginning search for matching columns.
<1/29/2014 8:45:26 PM>[NavM][NavSimp] Found (0) nodes for column.
<1/29/2014 8:45:26 PM>[NavM][NavSimp] No nodes found from initial row search direction, reversing.
<1/29/2014 8:45:26 PM>[NavM][NavSimp] Found (0) nodes for column.
<1/29/2014 8:45:26 PM>[NavM][NavSimp] End of Column reached. O(60) Cur(2) C(10).
<1/29/2014 8:45:26 PM>[NavM][NavSimp] Creating Navnode <6> at (-53.8, 0.4, 86.9). Extents are set to (3.0, 0.0, 1.5).
<1/29/2014 8:45:26 PM>[NavM][NavSimp] curSet(1). Starting from node <200>.
<1/29/2014 8:45:26 PM>[NavM][NavSimp] Checking nextRowNode (165) is in Openset.
<1/29/2014 8:45:26 PM>[NavM][NavSimp] curSet(1). Node <165> did not exist in Openset, discarding and reversing direction.
<1/29/2014 8:45:26 PM>[NavM][NavSimp] Checking nextRowNode (201) is in Openset.
<1/29/2014 8:45:26 PM>[NavM][NavSimp] curSet(1). Node <201> did not exist in Openset, discarding and breaking.
<1/29/2014 8:45:26 PM>[NavM][NavSimp] End of Row reached. O(59) Cur(1) C(12).
<1/29/2014 8:45:26 PM>[NavM][NavSimp] Beginning search for matching columns.
<1/29/2014 8:45:26 PM>[NavM][NavSimp] Found (0) nodes for column.
<1/29/2014 8:45:26 PM>[NavM][NavSimp] No nodes found from initial row search direction, reversing.
<1/29/2014 8:45:26 PM>[NavM][NavSimp] Found (0) nodes for column.
<1/29/2014 8:45:26 PM>[NavM][NavSimp] End of Column reached. O(59) Cur(1) C(12).
<1/29/2014 8:45:26 PM>[NavM][NavSimp] Creating Navnode <7> at (-93.6, 0.4, 86.9). Extents are set to (1.5, 0.0, 1.5).
<1/29/2014 8:45:26 PM>[NavM][NavSimp] curSet(1). Starting from node <323>.
<1/29/2014 8:45:26 PM>[NavM][NavSimp] Checking nextRowNode (249) is in Openset.
<1/29/2014 8:45:26 PM>[NavM][NavSimp] curSet(1). Node <249> did not exist in Openset, discarding and reversing direction.
<1/29/2014 8:45:27 PM>[NavM][NavSimp] End of Row reached. O(58) Cur(1) C(13).
<1/29/2014 8:45:27 PM>[NavM][NavSimp] Beginning search for matching columns.
<1/29/2014 8:45:27 PM>[NavM][NavSimp] Found (1) nodes for column.
<1/29/2014 8:45:27 PM>[NavM][NavSimp] Column found with UIDs(,324).
<1/29/2014 8:45:27 PM>[NavM][NavSimp] Found (1) nodes for column.
<1/29/2014 8:45:27 PM>[NavM][NavSimp] Column Count is now at 1(+1). Maximum column size reached
<1/29/2014 8:45:27 PM>[NavM][NavSimp] End of Column reached. O(57) Cur(2) C(13).
<1/29/2014 8:45:27 PM>[NavM][NavSimp] Creating Navnode <8> at (-113.1, 0.4, 117.6). Extents are set to (1.5, 0.0, 3.0).
<1/29/2014 8:45:27 PM>[NavM][NavSimp] curSet(1). Starting from node <387>.
<1/29/2014 8:45:27 PM>[NavM][NavSimp] Checking nextRowNode (385) is in Openset.
<1/29/2014 8:45:27 PM>[NavM][NavSimp] curSet UIDs(387). Adding node <385>.
<1/29/2014 8:45:27 PM>[NavM][NavSimp] Row Count is now at 1(+1). Maximum row size reached.
<1/29/2014 8:45:27 PM>[NavM][NavSimp] End of Row reached. O(55) Cur(2) C(15).
<1/29/2014 8:45:27 PM>[NavM][NavSimp] Beginning search for matching columns.
<1/29/2014 8:45:27 PM>[NavM][NavSimp] Found (0) nodes for column.
<1/29/2014 8:45:27 PM>[NavM][NavSimp] No nodes found from initial row search direction, reversing.
<1/29/2014 8:45:27 PM>[NavM][NavSimp] Found (0) nodes for column.
<1/29/2014 8:45:27 PM>[NavM][NavSimp] End of Column reached. O(55) Cur(2) C(15).
<1/29/2014 8:45:27 PM>[NavM][NavSimp] Creating Navnode <9> at (-62.8, 0.4, 86.9). Extents are set to (3.0, 0.0, 1.5).
<1/29/2014 8:45:27 PM>[NavM][NavSimp] curSet(1). Starting from node <397>.
<1/29/2014 8:45:27 PM>[NavM][NavSimp] Checking nextRowNode (358) is in Openset.
<1/29/2014 8:45:27 PM>[NavM][NavSimp] curSet(1). Node <358> did not exist in Openset, discarding and reversing direction.
<1/29/2014 8:45:27 PM>[NavM][NavSimp] End of Row reached. O(54) Cur(1) C(17).
<1/29/2014 8:45:27 PM>[NavM][NavSimp] Beginning search for matching columns.
<1/29/2014 8:45:27 PM>[NavM][NavSimp] Found (1) nodes for column.
<1/29/2014 8:45:27 PM>[NavM][NavSimp] Column found with UIDs(,398).
<1/29/2014 8:45:27 PM>[NavM][NavSimp] Found (1) nodes for column.
<1/29/2014 8:45:27 PM>[NavM][NavSimp] Column Count is now at 1(+1). Maximum column size reached
<1/29/2014 8:45:27 PM>[NavM][NavSimp] End of Column reached. O(53) Cur(2) C(17).
<1/29/2014 8:45:27 PM>[NavM][NavSimp] Creating Navnode <10> at (-113.1, 0.4, 89.1). Extents are set to (1.5, 0.0, 3.0).
<1/29/2014 8:45:27 PM>[NavM][NavSimp] curSet(1). Starting from node <195>.
<1/29/2014 8:45:27 PM>[NavM][NavSimp] Checking nextRowNode (235) is in Openset.
<1/29/2014 8:45:27 PM>[NavM][NavSimp] curSet UIDs(195). Adding node <235>.
<1/29/2014 8:45:27 PM>[NavM][NavSimp] Row Count is now at 1(+1). Maximum row size reached.
<1/29/2014 8:45:27 PM>[NavM][NavSimp] End of Row reached. O(51) Cur(2) C(19).
<1/29/2014 8:45:27 PM>[NavM][NavSimp] Beginning search for matching columns.
<1/29/2014 8:45:27 PM>[NavM][NavSimp] Found (0) nodes for column.
<1/29/2014 8:45:27 PM>[NavM][NavSimp] No nodes found from initial row search direction, reversing.
<1/29/2014 8:45:27 PM>[NavM][NavSimp] Found (0) nodes for column.
<1/29/2014 8:45:27 PM>[NavM][NavSimp] End of Column reached. O(51) Cur(2) C(19).
<1/29/2014 8:45:27 PM>[NavM][NavSimp] Creating Navnode <11> at (-76.3, 0.4, 86.9). Extents are set to (3.0, 0.0, 1.5).
<1/29/2014 8:45:27 PM>[NavM][NavSimp] curSet(1). Starting from node <284>.
<1/29/2014 8:45:27 PM>[NavM][NavSimp] Checking nextRowNode (244) is in Openset.
<1/29/2014 8:45:27 PM>[NavM][NavSimp] curSet(1). Node <244> did not exist in Openset, discarding and reversing direction.
<1/29/2014 8:45:27 PM>[NavM][NavSimp] End of Row reached. O(50) Cur(1) C(21).
<1/29/2014 8:45:27 PM>[NavM][NavSimp] Beginning search for matching columns.
<1/29/2014 8:45:27 PM>[NavM][NavSimp] Found (1) nodes for column.
<1/29/2014 8:45:27 PM>[NavM][NavSimp] Column found with UIDs(,245).
<1/29/2014 8:45:27 PM>[NavM][NavSimp] Found (0) nodes for column.
<1/29/2014 8:45:27 PM>[NavM][NavSimp] End of Column reached. O(49) Cur(2) C(21).
<1/29/2014 8:45:27 PM>[NavM][NavSimp] Creating Navnode <12> at (-113.1, 0.4, 99.6). Extents are set to (1.5, 0.0, 3.0).
<1/29/2014 8:45:27 PM>[NavM][NavSimp] curSet(1). Starting from node <361>.
<1/29/2014 8:45:27 PM>[NavM][NavSimp] Checking nextRowNode (287) is in Openset.
<1/29/2014 8:45:27 PM>[NavM][NavSimp] curSet(1). Node <287> did not exist in Openset, discarding and reversing direction.
<1/29/2014 8:45:27 PM>[NavM][NavSimp] End of Row reached. O(48) Cur(1) C(23).
<1/29/2014 8:45:27 PM>[NavM][NavSimp] Beginning search for matching columns.
<1/29/2014 8:45:27 PM>[NavM][NavSimp] Found (1) nodes for column.
<1/29/2014 8:45:27 PM>[NavM][NavSimp] Column found with UIDs(,362).
<1/29/2014 8:45:27 PM>[NavM][NavSimp] Found (1) nodes for column.
<1/29/2014 8:45:27 PM>[NavM][NavSimp] Column Count is now at 1(+1). Maximum column size reached
<1/29/2014 8:45:27 PM>[NavM][NavSimp] End of Column reached. O(47) Cur(2) C(23).
<1/29/2014 8:45:27 PM>[NavM][NavSimp] Creating Navnode <13> at (-113.1, 0.4, 120.6). Extents are set to (1.5, 0.0, 3.0).
<1/29/2014 8:45:27 PM>[NavM][NavSimp] curSet(1). Starting from node <322>.
<1/29/2014 8:45:27 PM>[NavM][NavSimp] Checking nextRowNode (282) is in Openset.
<1/29/2014 8:45:27 PM>[NavM][NavSimp] curSet(1). Node <282> did not exist in Openset, discarding and reversing direction.
<1/29/2014 8:45:27 PM>[NavM][NavSimp] End of Row reached. O(46) Cur(1) C(25).
<1/29/2014 8:45:27 PM>[NavM][NavSimp] Beginning search for matching columns.
<1/29/2014 8:45:27 PM>[NavM][NavSimp] Found (1) nodes for column.
<1/29/2014 8:45:27 PM>[NavM][NavSimp] Column found with UIDs(,283).
<1/29/2014 8:45:27 PM>[NavM][NavSimp] Found (0) nodes for column.
<1/29/2014 8:45:27 PM>[NavM][NavSimp] End of Column reached. O(45) Cur(2) C(25).
<1/29/2014 8:45:27 PM>[NavM][NavSimp] Creating Navnode <14> at (-113.1, 0.4, 96.6). Extents are set to (1.5, 0.0, 3.0).
<1/29/2014 8:45:27 PM>[NavM][NavSimp] curSet(1). Starting from node <435>.
<1/29/2014 8:45:27 PM>[NavM][NavSimp] Checking nextRowNode (434) is in Openset.
<1/29/2014 8:45:27 PM>[NavM][NavSimp] curSet UIDs(435). Adding node <434>.
<1/29/2014 8:45:27 PM>[NavM][NavSimp] Row Count is now at 1(+1). Maximum row size reached.
<1/29/2014 8:45:27 PM>[NavM][NavSimp] End of Row reached. O(43) Cur(2) C(27).
<1/29/2014 8:45:27 PM>[NavM][NavSimp] Beginning search for matching columns.
<1/29/2014 8:45:27 PM>[NavM][NavSimp] Found (0) nodes for column.
<1/29/2014 8:45:27 PM>[NavM][NavSimp] No nodes found from initial row search direction, reversing.
<1/29/2014 8:45:27 PM>[NavM][NavSimp] Found (0) nodes for column.
<1/29/2014 8:45:27 PM>[NavM][NavSimp] End of Column reached. O(43) Cur(2) C(27).
<1/29/2014 8:45:27 PM>[NavM][NavSimp] Creating Navnode <15> at (-112.3, 0.4, 86.9). Extents are set to (3.0, 0.0, 1.5).
<1/29/2014 8:45:27 PM>[NavM][NavSimp] curSet(1). Starting from node <285>.
<1/29/2014 8:45:27 PM>[NavM][NavSimp] Checking nextRowNode (211) is in Openset.
<1/29/2014 8:45:27 PM>[NavM][NavSimp] curSet(1). Node <211> did not exist in Openset, discarding and reversing direction.
<1/29/2014 8:45:27 PM>[NavM][NavSimp] End of Row reached. O(42) Cur(1) C(29).
<1/29/2014 8:45:27 PM>[NavM][NavSimp] Beginning search for matching columns.
<1/29/2014 8:45:27 PM>[NavM][NavSimp] Found (1) nodes for column.
<1/29/2014 8:45:27 PM>[NavM][NavSimp] Column found with UIDs(,286).
<1/29/2014 8:45:27 PM>[NavM][NavSimp] Found (0) nodes for column.
<1/29/2014 8:45:27 PM>[NavM][NavSimp] End of Column reached. O(41) Cur(2) C(29).
<1/29/2014 8:45:27 PM>[NavM][NavSimp] Creating Navnode <16> at (-113.1, 0.4, 114.6). Extents are set to (1.5, 0.0, 3.0).
<1/29/2014 8:45:27 PM>[NavM][NavSimp] curSet(1). Starting from node <279>.
<1/29/2014 8:45:27 PM>[NavM][NavSimp] Checking nextRowNode (278) is in Openset.
<1/29/2014 8:45:27 PM>[NavM][NavSimp] curSet UIDs(279). Adding node <278>.
<1/29/2014 8:45:27 PM>[NavM][NavSimp] Row Count is now at 1(+1). Maximum row size reached.
<1/29/2014 8:45:27 PM>[NavM][NavSimp] End of Row reached. O(39) Cur(2) C(31).
<1/29/2014 8:45:27 PM>[NavM][NavSimp] Beginning search for matching columns.
<1/29/2014 8:45:27 PM>[NavM][NavSimp] Found (0) nodes for column.
<1/29/2014 8:45:27 PM>[NavM][NavSimp] No nodes found from initial row search direction, reversing.
<1/29/2014 8:45:27 PM>[NavM][NavSimp] Found (0) nodes for column.
<1/29/2014 8:45:27 PM>[NavM][NavSimp] End of Column reached. O(39) Cur(2) C(31).
<1/29/2014 8:45:28 PM>[NavM][NavSimp] Creating Navnode <17> at (-100.3, 0.4, 86.9). Extents are set to (3.0, 0.0, 1.5).
<1/29/2014 8:45:28 PM>[NavM][NavSimp] curSet(1). Starting from node <423>.
<1/29/2014 8:45:28 PM>[NavM][NavSimp] Checking nextRowNode (462) is in Openset.
<1/29/2014 8:45:28 PM>[NavM][NavSimp] curSet UIDs(423). Adding node <462>.
<1/29/2014 8:45:28 PM>[NavM][NavSimp] Row Count is now at 1(+1). Maximum row size reached.
<1/29/2014 8:45:28 PM>[NavM][NavSimp] End of Row reached. O(37) Cur(2) C(33).
<1/29/2014 8:45:28 PM>[NavM][NavSimp] Beginning search for matching columns.
<1/29/2014 8:45:28 PM>[NavM][NavSimp] Found (0) nodes for column.
<1/29/2014 8:45:28 PM>[NavM][NavSimp] No nodes found from initial row search direction, reversing.
<1/29/2014 8:45:28 PM>[NavM][NavSimp] Found (0) nodes for column.
<1/29/2014 8:45:28 PM>[NavM][NavSimp] End of Column reached. O(37) Cur(2) C(33).
<1/29/2014 8:45:28 PM>[NavM][NavSimp] Creating Navnode <18> at (-58.3, 0.4, 86.9). Extents are set to (3.0, 0.0, 1.5).
<1/29/2014 8:45:28 PM>[NavM][NavSimp] curSet(1). Starting from node <460>.
<1/29/2014 8:45:28 PM>[NavM][NavSimp] Checking nextRowNode (498) is in Openset.
<1/29/2014 8:45:28 PM>[NavM][NavSimp] curSet(1). Node <498> did not exist in Openset, discarding and reversing direction.
<1/29/2014 8:45:28 PM>[NavM][NavSimp] Checking nextRowNode (462) is in Openset.
<1/29/2014 8:45:28 PM>[NavM][NavSimp] curSet(1). Node <462> did not exist in Openset, discarding and breaking.
<1/29/2014 8:45:28 PM>[NavM][NavSimp] End of Row reached. O(36) Cur(1) C(35).
<1/29/2014 8:45:28 PM>[NavM][NavSimp] Beginning search for matching columns.
<1/29/2014 8:45:28 PM>[NavM][NavSimp] Found (0) nodes for column.
<1/29/2014 8:45:28 PM>[NavM][NavSimp] No nodes found from initial row search direction, reversing.
<1/29/2014 8:45:28 PM>[NavM][NavSimp] Found (0) nodes for column.
<1/29/2014 8:45:28 PM>[NavM][NavSimp] End of Column reached. O(36) Cur(1) C(35).
<1/29/2014 8:45:28 PM>[NavM][NavSimp] Creating Navnode <19> at (-56.1, 0.4, 86.9). Extents are set to (1.5, 0.0, 1.5).
<1/29/2014 8:45:28 PM>[NavM][NavSimp] curSet(1). Starting from node <129>.
<1/29/2014 8:45:28 PM>[NavM][NavSimp] Checking nextRowNode (127) is in Openset.
<1/29/2014 8:45:28 PM>[NavM][NavSimp] curSet UIDs(129). Adding node <127>.
<1/29/2014 8:45:28 PM>[NavM][NavSimp] Row Count is now at 1(+1). Maximum row size reached.
<1/29/2014 8:45:28 PM>[NavM][NavSimp] End of Row reached. O(34) Cur(2) C(36).
<1/29/2014 8:45:28 PM>[NavM][NavSimp] Beginning search for matching columns.
<1/29/2014 8:45:28 PM>[NavM][NavSimp] Found (0) nodes for column.
<1/29/2014 8:45:28 PM>[NavM][NavSimp] No nodes found from initial row search direction, reversing.
<1/29/2014 8:45:28 PM>[NavM][NavSimp] Found (0) nodes for column.
<1/29/2014 8:45:28 PM>[NavM][NavSimp] End of Column reached. O(34) Cur(2) C(36).
<1/29/2014 8:45:28 PM>[NavM][NavSimp] Creating Navnode <20> at (-83.8, 0.4, 86.9). Extents are set to (3.0, 0.0, 1.5).
<1/29/2014 8:45:28 PM>[NavM][NavSimp] curSet(1). Starting from node <357>.
<1/29/2014 8:45:28 PM>[NavM][NavSimp] Checking nextRowNode (356) is in Openset.
<1/29/2014 8:45:28 PM>[NavM][NavSimp] curSet UIDs(357). Adding node <356>.
<1/29/2014 8:45:28 PM>[NavM][NavSimp] Row Count is now at 1(+1). Maximum row size reached.
<1/29/2014 8:45:28 PM>[NavM][NavSimp] End of Row reached. O(32) Cur(2) C(38).
<1/29/2014 8:45:28 PM>[NavM][NavSimp] Beginning search for matching columns.
<1/29/2014 8:45:28 PM>[NavM][NavSimp] Found (0) nodes for column.
<1/29/2014 8:45:28 PM>[NavM][NavSimp] No nodes found from initial row search direction, reversing.
<1/29/2014 8:45:28 PM>[NavM][NavSimp] Found (0) nodes for column.
<1/29/2014 8:45:28 PM>[NavM][NavSimp] End of Column reached. O(32) Cur(2) C(38).
<1/29/2014 8:45:28 PM>[NavM][NavSimp] Creating Navnode <21> at (-106.3, 0.4, 86.9). Extents are set to (3.0, 0.0, 1.5).
<1/29/2014 8:45:28 PM>[NavM][NavSimp] curSet(1). Starting from node <425>.
<1/29/2014 8:45:28 PM>[NavM][NavSimp] Checking nextRowNode (423) is in Openset.
<1/29/2014 8:45:28 PM>[NavM][NavSimp] curSet(1). Node <423> did not exist in Openset, discarding and reversing direction.
<1/29/2014 8:45:28 PM>[NavM][NavSimp] Checking nextRowNode (385) is in Openset.
<1/29/2014 8:45:28 PM>[NavM][NavSimp] curSet(1). Node <385> did not exist in Openset, discarding and breaking.
<1/29/2014 8:45:28 PM>[NavM][NavSimp] End of Row reached. O(31) Cur(1) C(40).
<1/29/2014 8:45:28 PM>[NavM][NavSimp] Beginning search for matching columns.
<1/29/2014 8:45:28 PM>[NavM][NavSimp] Found (0) nodes for column.
<1/29/2014 8:45:28 PM>[NavM][NavSimp] No nodes found from initial row search direction, reversing.
<1/29/2014 8:45:28 PM>[NavM][NavSimp] Found (0) nodes for column.
<1/29/2014 8:45:28 PM>[NavM][NavSimp] End of Column reached. O(31) Cur(1) C(40).
<1/29/2014 8:45:28 PM>[NavM][NavSimp] Creating Navnode <22> at (-60.6, 0.4, 86.9). Extents are set to (1.5, 0.0, 1.5).
<1/29/2014 8:45:28 PM>[NavM][NavSimp] curSet(1). Starting from node <321>.
<1/29/2014 8:45:28 PM>[NavM][NavSimp] Checking nextRowNode (282) is in Openset.
<1/29/2014 8:45:28 PM>[NavM][NavSimp] curSet(1). Node <282> did not exist in Openset, discarding and reversing direction.
<1/29/2014 8:45:28 PM>[NavM][NavSimp] End of Row reached. O(30) Cur(1) C(41).
<1/29/2014 8:45:28 PM>[NavM][NavSimp] Beginning search for matching columns.
<1/29/2014 8:45:28 PM>[NavM][NavSimp] Found (0) nodes for column.
<1/29/2014 8:45:28 PM>[NavM][NavSimp] No nodes found from initial row search direction, reversing.
<1/29/2014 8:45:28 PM>[NavM][NavSimp] Found (1) nodes for column.
<1/29/2014 8:45:28 PM>[NavM][NavSimp] Column found with UIDs(,360).
<1/29/2014 8:45:28 PM>[NavM][NavSimp] Found (1) nodes for column.
<1/29/2014 8:45:28 PM>[NavM][NavSimp] Column Count is now at 1(+1). Maximum column size reached
<1/29/2014 8:45:28 PM>[NavM][NavSimp] End of Column reached. O(29) Cur(2) C(41).
<1/29/2014 8:45:28 PM>[NavM][NavSimp] Creating Navnode <23> at (-113.1, 0.4, 93.6). Extents are set to (1.5, 0.0, 3.0).
<1/29/2014 8:45:28 PM>[NavM][NavSimp] curSet(1). Starting from node <359>.
<1/29/2014 8:45:28 PM>[NavM][NavSimp] Checking nextRowNode (320) is in Openset.
<1/29/2014 8:45:28 PM>[NavM][NavSimp] curSet(1). Node <320> did not exist in Openset, discarding and reversing direction.
<1/29/2014 8:45:28 PM>[NavM][NavSimp] End of Row reached. O(28) Cur(1) C(43).
<1/29/2014 8:45:28 PM>[NavM][NavSimp] Beginning search for matching columns.
<1/29/2014 8:45:28 PM>[NavM][NavSimp] Found (0) nodes for column.
<1/29/2014 8:45:28 PM>[NavM][NavSimp] No nodes found from initial row search direction, reversing.
<1/29/2014 8:45:28 PM>[NavM][NavSimp] Found (0) nodes for column.
<1/29/2014 8:45:28 PM>[NavM][NavSimp] End of Column reached. O(28) Cur(1) C(43).
<1/29/2014 8:45:28 PM>[NavM][NavSimp] Creating Navnode <24> at (-113.1, 0.4, 91.4). Extents are set to (1.5, 0.0, 1.5).
<1/29/2014 8:45:28 PM>[NavM][NavSimp] curSet(1). Starting from node <208>.
<1/29/2014 8:45:28 PM>[NavM][NavSimp] Checking nextRowNode (171) is in Openset.
<1/29/2014 8:45:28 PM>[NavM][NavSimp] curSet(1). Node <171> did not exist in Openset, discarding and reversing direction.
<1/29/2014 8:45:28 PM>[NavM][NavSimp] End of Row reached. O(27) Cur(1) C(44).
<1/29/2014 8:45:28 PM>[NavM][NavSimp] Beginning search for matching columns.
<1/29/2014 8:45:28 PM>[NavM][NavSimp] Found (1) nodes for column.
<1/29/2014 8:45:28 PM>[NavM][NavSimp] Column found with UIDs(,172).
<1/29/2014 8:45:28 PM>[NavM][NavSimp] Found (1) nodes for column.
<1/29/2014 8:45:28 PM>[NavM][NavSimp] Column Count is now at 1(+1). Maximum column size reached
<1/29/2014 8:45:28 PM>[NavM][NavSimp] End of Column reached. O(26) Cur(2) C(44).
<1/29/2014 8:45:28 PM>[NavM][NavSimp] Creating Navnode <25> at (-113.1, 0.4, 105.6). Extents are set to (1.5, 0.0, 3.0).
<1/29/2014 8:45:28 PM>[NavM][NavSimp] curSet(1). Starting from node <130>.
<1/29/2014 8:45:28 PM>[NavM][NavSimp] Checking nextRowNode (99) is in Openset.
<1/29/2014 8:45:28 PM>[NavM][NavSimp] curSet UIDs(130). Adding node <99>.
<1/29/2014 8:45:28 PM>[NavM][NavSimp] Row Count is now at 1(+1). Maximum row size reached.
<1/29/2014 8:45:28 PM>[NavM][NavSimp] End of Row reached. O(24) Cur(2) C(46).
<1/29/2014 8:45:28 PM>[NavM][NavSimp] Beginning search for matching columns.
<1/29/2014 8:45:28 PM>[NavM][NavSimp] Found (0) nodes for column.
<1/29/2014 8:45:28 PM>[NavM][NavSimp] No nodes found from initial row search direction, reversing.
<1/29/2014 8:45:28 PM>[NavM][NavSimp] Found (0) nodes for column.
<1/29/2014 8:45:28 PM>[NavM][NavSimp] End of Column reached. O(24) Cur(2) C(46).
<1/29/2014 8:45:28 PM>[NavM][NavSimp] Creating Navnode <26> at (-86.8, 0.4, 86.9). Extents are set to (3.0, 0.0, 1.5).
<1/29/2014 8:45:29 PM>[NavM][NavSimp] curSet(1). Starting from node <273>.
<1/29/2014 8:45:29 PM>[NavM][NavSimp] Checking nextRowNode (271) is in Openset.
<1/29/2014 8:45:29 PM>[NavM][NavSimp] curSet(1). Node <271> did not exist in Openset, discarding and reversing direction.
<1/29/2014 8:45:29 PM>[NavM][NavSimp] Checking nextRowNode (233) is in Openset.
<1/29/2014 8:45:29 PM>[NavM][NavSimp] curSet UIDs(273). Adding node <233>.
<1/29/2014 8:45:29 PM>[NavM][NavSimp] Row Count is now at 1(+1). Maximum row size reached.
<1/29/2014 8:45:29 PM>[NavM][NavSimp] End of Row reached. O(22) Cur(2) C(48).
<1/29/2014 8:45:29 PM>[NavM][NavSimp] Beginning search for matching columns.
<1/29/2014 8:45:29 PM>[NavM][NavSimp] Found (0) nodes for column.
<1/29/2014 8:45:29 PM>[NavM][NavSimp] No nodes found from initial row search direction, reversing.
<1/29/2014 8:45:29 PM>[NavM][NavSimp] Found (0) nodes for column.
<1/29/2014 8:45:29 PM>[NavM][NavSimp] End of Column reached. O(22) Cur(2) C(48).
<1/29/2014 8:45:29 PM>[NavM][NavSimp] Creating Navnode <27> at (-73.3, 0.4, 86.9). Extents are set to (3.0, 0.0, 1.5).
<1/29/2014 8:45:29 PM>[NavM][NavSimp] curSet(1). Starting from node <473>.
<1/29/2014 8:45:29 PM>[NavM][NavSimp] Checking nextRowNode (438) is in Openset.
<1/29/2014 8:45:29 PM>[NavM][NavSimp] curSet(1). Node <438> did not exist in Openset, discarding and reversing direction.
<1/29/2014 8:45:29 PM>[NavM][NavSimp] End of Row reached. O(21) Cur(1) C(50).
<1/29/2014 8:45:29 PM>[NavM][NavSimp] Beginning search for matching columns.
<1/29/2014 8:45:29 PM>[NavM][NavSimp] Found (0) nodes for column.
<1/29/2014 8:45:29 PM>[NavM][NavSimp] No nodes found from initial row search direction, reversing.
<1/29/2014 8:45:29 PM>[NavM][NavSimp] Found (1) nodes for column.
<1/29/2014 8:45:29 PM>[NavM][NavSimp] Column found with UIDs(,472).
<1/29/2014 8:45:29 PM>[NavM][NavSimp] Found (1) nodes for column.
<1/29/2014 8:45:29 PM>[NavM][NavSimp] Column Count is now at 1(+1). Maximum column size reached
<1/29/2014 8:45:29 PM>[NavM][NavSimp] End of Column reached. O(20) Cur(2) C(50).
<1/29/2014 8:45:29 PM>[NavM][NavSimp] Creating Navnode <28> at (-113.1, 0.4, 129.6). Extents are set to (1.5, 0.0, 3.0).
<1/29/2014 8:45:29 PM>[NavM][NavSimp] curSet(1). Starting from node <400>.
<1/29/2014 8:45:29 PM>[NavM][NavSimp] Checking nextRowNode (363) is in Openset.
<1/29/2014 8:45:29 PM>[NavM][NavSimp] curSet(1). Node <363> did not exist in Openset, discarding and reversing direction.
<1/29/2014 8:45:29 PM>[NavM][NavSimp] End of Row reached. O(19) Cur(1) C(52).
<1/29/2014 8:45:29 PM>[NavM][NavSimp] Beginning search for matching columns.
<1/29/2014 8:45:29 PM>[NavM][NavSimp] Found (1) nodes for column.
<1/29/2014 8:45:29 PM>[NavM][NavSimp] Column found with UIDs(,436).
<1/29/2014 8:45:29 PM>[NavM][NavSimp] Found (1) nodes for column.
<1/29/2014 8:45:29 PM>[NavM][NavSimp] Column Count is now at 1(+1). Maximum column size reached
<1/29/2014 8:45:29 PM>[NavM][NavSimp] End of Column reached. O(18) Cur(2) C(52).
<1/29/2014 8:45:29 PM>[NavM][NavSimp] Creating Navnode <29> at (-113.1, 0.4, 125.1). Extents are set to (1.5, 0.0, 3.0).
<1/29/2014 8:45:29 PM>[NavM][NavSimp] curSet(1). Starting from node <248>.
<1/29/2014 8:45:29 PM>[NavM][NavSimp] Checking nextRowNode (211) is in Openset.
<1/29/2014 8:45:29 PM>[NavM][NavSimp] curSet(1). Node <211> did not exist in Openset, discarding and reversing direction.
<1/29/2014 8:45:29 PM>[NavM][NavSimp] End of Row reached. O(17) Cur(1) C(54).
<1/29/2014 8:45:29 PM>[NavM][NavSimp] Beginning search for matching columns.
<1/29/2014 8:45:29 PM>[NavM][NavSimp] Found (0) nodes for column.
<1/29/2014 8:45:29 PM>[NavM][NavSimp] No nodes found from initial row search direction, reversing.
<1/29/2014 8:45:29 PM>[NavM][NavSimp] Found (1) nodes for column.
<1/29/2014 8:45:29 PM>[NavM][NavSimp] Column found with UIDs(,247).
<1/29/2014 8:45:29 PM>[NavM][NavSimp] Found (1) nodes for column.
<1/29/2014 8:45:29 PM>[NavM][NavSimp] Column Count is now at 1(+1). Maximum column size reached
<1/29/2014 8:45:29 PM>[NavM][NavSimp] End of Column reached. O(16) Cur(2) C(54).
<1/29/2014 8:45:29 PM>[NavM][NavSimp] Creating Navnode <30> at (-113.1, 0.4, 111.6). Extents are set to (1.5, 0.0, 3.0).
<1/29/2014 8:45:29 PM>[NavM][NavSimp] curSet(1). Starting from node <349>.
<1/29/2014 8:45:29 PM>[NavM][NavSimp] Checking nextRowNode (347) is in Openset.
<1/29/2014 8:45:29 PM>[NavM][NavSimp] curSet UIDs(349). Adding node <347>.
<1/29/2014 8:45:29 PM>[NavM][NavSimp] Row Count is now at 1(+1). Maximum row size reached.
<1/29/2014 8:45:29 PM>[NavM][NavSimp] End of Row reached. O(14) Cur(2) C(56).
<1/29/2014 8:45:29 PM>[NavM][NavSimp] Beginning search for matching columns.
<1/29/2014 8:45:29 PM>[NavM][NavSimp] Found (0) nodes for column.
<1/29/2014 8:45:29 PM>[NavM][NavSimp] No nodes found from initial row search direction, reversing.
<1/29/2014 8:45:29 PM>[NavM][NavSimp] Found (0) nodes for column.
<1/29/2014 8:45:29 PM>[NavM][NavSimp] End of Column reached. O(14) Cur(2) C(56).
<1/29/2014 8:45:29 PM>[NavM][NavSimp] Creating Navnode <31> at (-65.8, 0.4, 86.9). Extents are set to (3.0, 0.0, 1.5).
<1/29/2014 8:45:29 PM>[NavM][NavSimp] curSet(1). Starting from node <317>.
<1/29/2014 8:45:29 PM>[NavM][NavSimp] Checking nextRowNode (279) is in Openset.
<1/29/2014 8:45:29 PM>[NavM][NavSimp] curSet(1). Node <279> did not exist in Openset, discarding and reversing direction.
<1/29/2014 8:45:29 PM>[NavM][NavSimp] Checking nextRowNode (318) is in Openset.
<1/29/2014 8:45:29 PM>[NavM][NavSimp] curSet UIDs(317). Adding node <318>.
<1/29/2014 8:45:29 PM>[NavM][NavSimp] Row Count is now at 1(+1). Maximum row size reached.
<1/29/2014 8:45:29 PM>[NavM][NavSimp] End of Row reached. O(12) Cur(2) C(58).
<1/29/2014 8:45:29 PM>[NavM][NavSimp] Beginning search for matching columns.
<1/29/2014 8:45:29 PM>[NavM][NavSimp] Found (0) nodes for column.
<1/29/2014 8:45:29 PM>[NavM][NavSimp] No nodes found from initial row search direction, reversing.
<1/29/2014 8:45:29 PM>[NavM][NavSimp] Found (0) nodes for column.
<1/29/2014 8:45:29 PM>[NavM][NavSimp] End of Column reached. O(12) Cur(2) C(58).
<1/29/2014 8:45:29 PM>[NavM][NavSimp] Creating Navnode <32> at (-103.3, 0.4, 86.9). Extents are set to (3.0, 0.0, 1.5).
<1/29/2014 8:45:29 PM>[NavM][NavSimp] curSet(1). Starting from node <395>.
<1/29/2014 8:45:29 PM>[NavM][NavSimp] Checking nextRowNode (357) is in Openset.
<1/29/2014 8:45:29 PM>[NavM][NavSimp] curSet(1). Node <357> did not exist in Openset, discarding and reversing direction.
<1/29/2014 8:45:29 PM>[NavM][NavSimp] Checking nextRowNode (396) is in Openset.
<1/29/2014 8:45:29 PM>[NavM][NavSimp] curSet UIDs(395). Adding node <396>.
<1/29/2014 8:45:29 PM>[NavM][NavSimp] Row Count is now at 1(+1). Maximum row size reached.
<1/29/2014 8:45:29 PM>[NavM][NavSimp] End of Row reached. O(10) Cur(2) C(60).
<1/29/2014 8:45:29 PM>[NavM][NavSimp] Beginning search for matching columns.
<1/29/2014 8:45:29 PM>[NavM][NavSimp] Found (0) nodes for column.
<1/29/2014 8:45:29 PM>[NavM][NavSimp] No nodes found from initial row search direction, reversing.
<1/29/2014 8:45:29 PM>[NavM][NavSimp] Found (0) nodes for column.
<1/29/2014 8:45:29 PM>[NavM][NavSimp] End of Column reached. O(10) Cur(2) C(60).
<1/29/2014 8:45:29 PM>[NavM][NavSimp] Creating Navnode <33> at (-109.3, 0.4, 86.9). Extents are set to (3.0, 0.0, 1.5).
<1/29/2014 8:45:29 PM>[NavM][NavSimp] curSet(1). Starting from node <240>.
<1/29/2014 8:45:29 PM>[NavM][NavSimp] Checking nextRowNode (239) is in Openset.
<1/29/2014 8:45:29 PM>[NavM][NavSimp] curSet(1). Node <239> did not exist in Openset, discarding and reversing direction.
<1/29/2014 8:45:29 PM>[NavM][NavSimp] Checking nextRowNode (278) is in Openset.
<1/29/2014 8:45:29 PM>[NavM][NavSimp] curSet(1). Node <278> did not exist in Openset, discarding and breaking.
<1/29/2014 8:45:29 PM>[NavM][NavSimp] End of Row reached. O(9) Cur(1) C(62).
<1/29/2014 8:45:29 PM>[NavM][NavSimp] Beginning search for matching columns.
<1/29/2014 8:45:29 PM>[NavM][NavSimp] Found (0) nodes for column.
<1/29/2014 8:45:29 PM>[NavM][NavSimp] No nodes found from initial row search direction, reversing.
<1/29/2014 8:45:29 PM>[NavM][NavSimp] Found (0) nodes for column.
<1/29/2014 8:45:29 PM>[NavM][NavSimp] End of Column reached. O(9) Cur(1) C(62).
<1/29/2014 8:45:29 PM>[NavM][NavSimp] Creating Navnode <34> at (-98.1, 0.4, 86.9). Extents are set to (1.5, 0.0, 1.5).
<1/29/2014 8:45:29 PM>[NavM][NavSimp] curSet(1). Starting from node <197>.
<1/29/2014 8:45:29 PM>[NavM][NavSimp] Checking nextRowNode (195) is in Openset.
<1/29/2014 8:45:30 PM>[NavM][NavSimp] curSet(1). Node <195> did not exist in Openset, discarding and reversing direction.
<1/29/2014 8:45:30 PM>[NavM][NavSimp] Checking nextRowNode (160) is in Openset.
<1/29/2014 8:45:30 PM>[NavM][NavSimp] curSet UIDs(197). Adding node <160>.
<1/29/2014 8:45:30 PM>[NavM][NavSimp] Row Count is now at 1(+1). Maximum row size reached.
<1/29/2014 8:45:30 PM>[NavM][NavSimp] End of Row reached. O(7) Cur(2) C(63).
<1/29/2014 8:45:30 PM>[NavM][NavSimp] Beginning search for matching columns.
<1/29/2014 8:45:30 PM>[NavM][NavSimp] Found (0) nodes for column.
<1/29/2014 8:45:30 PM>[NavM][NavSimp] No nodes found from initial row search direction, reversing.
<1/29/2014 8:45:30 PM>[NavM][NavSimp] Found (0) nodes for column.
<1/29/2014 8:45:30 PM>[NavM][NavSimp] End of Column reached. O(7) Cur(2) C(63).
<1/29/2014 8:45:30 PM>[NavM][NavSimp] Creating Navnode <35> at (-79.3, 0.4, 86.9). Extents are set to (3.0, 0.0, 1.5).
<1/29/2014 8:45:30 PM>[NavM][NavSimp] curSet(1). Starting from node <309>.
<1/29/2014 8:45:30 PM>[NavM][NavSimp] Checking nextRowNode (349) is in Openset.
<1/29/2014 8:45:30 PM>[NavM][NavSimp] curSet(1). Node <349> did not exist in Openset, discarding and reversing direction.
<1/29/2014 8:45:30 PM>[NavM][NavSimp] Checking nextRowNode (311) is in Openset.
<1/29/2014 8:45:30 PM>[NavM][NavSimp] curSet(1). Node <311> did not exist in Openset, discarding and breaking.
<1/29/2014 8:45:30 PM>[NavM][NavSimp] End of Row reached. O(6) Cur(1) C(65).
<1/29/2014 8:45:30 PM>[NavM][NavSimp] Beginning search for matching columns.
<1/29/2014 8:45:30 PM>[NavM][NavSimp] Found (0) nodes for column.
<1/29/2014 8:45:30 PM>[NavM][NavSimp] No nodes found from initial row search direction, reversing.
<1/29/2014 8:45:30 PM>[NavM][NavSimp] Found (0) nodes for column.
<1/29/2014 8:45:30 PM>[NavM][NavSimp] End of Column reached. O(6) Cur(1) C(65).
<1/29/2014 8:45:30 PM>[NavM][NavSimp] Creating Navnode <36> at (-68.1, 0.4, 86.9). Extents are set to (1.5, 0.0, 1.5).
<1/29/2014 8:45:30 PM>[NavM][NavSimp] curSet(1). Starting from node <162>.
<1/29/2014 8:45:30 PM>[NavM][NavSimp] Checking nextRowNode (160) is in Openset.
<1/29/2014 8:45:30 PM>[NavM][NavSimp] curSet(1). Node <160> did not exist in Openset, discarding and reversing direction.
<1/29/2014 8:45:30 PM>[NavM][NavSimp] Checking nextRowNode (127) is in Openset.
<1/29/2014 8:45:30 PM>[NavM][NavSimp] curSet(1). Node <127> did not exist in Openset, discarding and breaking.
<1/29/2014 8:45:30 PM>[NavM][NavSimp] End of Row reached. O(5) Cur(1) C(66).
<1/29/2014 8:45:30 PM>[NavM][NavSimp] Beginning search for matching columns.
<1/29/2014 8:45:30 PM>[NavM][NavSimp] Found (0) nodes for column.
<1/29/2014 8:45:30 PM>[NavM][NavSimp] No nodes found from initial row search direction, reversing.
<1/29/2014 8:45:30 PM>[NavM][NavSimp] Found (0) nodes for column.
<1/29/2014 8:45:30 PM>[NavM][NavSimp] End of Column reached. O(5) Cur(1) C(66).
<1/29/2014 8:45:30 PM>[NavM][NavSimp] Creating Navnode <37> at (-81.6, 0.4, 86.9). Extents are set to (1.5, 0.0, 1.5).
<1/29/2014 8:45:30 PM>[NavM][NavSimp] curSet(1). Starting from node <209>.
<1/29/2014 8:45:30 PM>[NavM][NavSimp] Checking nextRowNode (138) is in Openset.
<1/29/2014 8:45:30 PM>[NavM][NavSimp] curSet(1). Node <138> did not exist in Openset, discarding and reversing direction.
<1/29/2014 8:45:30 PM>[NavM][NavSimp] End of Row reached. O(4) Cur(1) C(67).
<1/29/2014 8:45:30 PM>[NavM][NavSimp] Beginning search for matching columns.
<1/29/2014 8:45:30 PM>[NavM][NavSimp] Found (1) nodes for column.
<1/29/2014 8:45:30 PM>[NavM][NavSimp] Column found with UIDs(,210).
<1/29/2014 8:45:30 PM>[NavM][NavSimp] Found (0) nodes for column.
<1/29/2014 8:45:30 PM>[NavM][NavSimp] End of Column reached. O(3) Cur(2) C(67).
<1/29/2014 8:45:30 PM>[NavM][NavSimp] Creating Navnode <38> at (-113.1, 0.4, 108.6). Extents are set to (1.5, 0.0, 3.0).
<1/29/2014 8:45:30 PM>[NavM][NavSimp] curSet(1). Starting from node <131>.
<1/29/2014 8:45:30 PM>[NavM][NavSimp] Checking nextRowNode (130) is in Openset.
<1/29/2014 8:45:30 PM>[NavM][NavSimp] curSet(1). Node <130> did not exist in Openset, discarding and reversing direction.
<1/29/2014 8:45:30 PM>[NavM][NavSimp] Checking nextRowNode (164) is in Openset.
<1/29/2014 8:45:30 PM>[NavM][NavSimp] curSet(1). Node <164> did not exist in Openset, discarding and breaking.
<1/29/2014 8:45:30 PM>[NavM][NavSimp] End of Row reached. O(2) Cur(1) C(69).
<1/29/2014 8:45:30 PM>[NavM][NavSimp] Beginning search for matching columns.
<1/29/2014 8:45:30 PM>[NavM][NavSimp] Found (0) nodes for column.
<1/29/2014 8:45:30 PM>[NavM][NavSimp] No nodes found from initial row search direction, reversing.
<1/29/2014 8:45:30 PM>[NavM][NavSimp] Found (0) nodes for column.
<1/29/2014 8:45:30 PM>[NavM][NavSimp] End of Column reached. O(2) Cur(1) C(69).
<1/29/2014 8:45:30 PM>[NavM][NavSimp] Creating Navnode <39> at (-89.1, 0.4, 86.9). Extents are set to (1.5, 0.0, 1.5).
<1/29/2014 8:45:30 PM>[NavM][NavSimp] curSet(1). Starting from node <399>.
<1/29/2014 8:45:30 PM>[NavM][NavSimp] Checking nextRowNode (325) is in Openset.
<1/29/2014 8:45:30 PM>[NavM][NavSimp] curSet(1). Node <325> did not exist in Openset, discarding and reversing direction.
<1/29/2014 8:45:30 PM>[NavM][NavSimp] End of Row reached. O(1) Cur(1) C(70).
<1/29/2014 8:45:30 PM>[NavM][NavSimp] Beginning search for matching columns.
<1/29/2014 8:45:30 PM>[NavM][NavSimp] Found (0) nodes for column.
<1/29/2014 8:45:30 PM>[NavM][NavSimp] No nodes found from initial row search direction, reversing.
<1/29/2014 8:45:30 PM>[NavM][NavSimp] Found (0) nodes for column.
<1/29/2014 8:45:30 PM>[NavM][NavSimp] End of Column reached. O(1) Cur(1) C(70).
<1/29/2014 8:45:30 PM>[NavM][NavSimp] Creating Navnode <40> at (-113.1, 0.4, 122.9). Extents are set to (1.5, 0.0, 1.5).
<1/29/2014 8:45:30 PM>[NavM][NavSimp] curSet(1). Starting from node <437>.
<1/29/2014 8:45:30 PM>[NavM][NavSimp] Checking nextRowNode (401) is in Openset.
<1/29/2014 8:45:30 PM>[NavM][NavSimp] curSet(1). Node <401> did not exist in Openset, discarding and reversing direction.
<1/29/2014 8:45:30 PM>[NavM][NavSimp] End of Row reached. O(0) Cur(1) C(71).
<1/29/2014 8:45:30 PM>[NavM][NavSimp] Beginning search for matching columns.
<1/29/2014 8:45:30 PM>[NavM][NavSimp] Found (0) nodes for column.
<1/29/2014 8:45:30 PM>[NavM][NavSimp] No nodes found from initial row search direction, reversing.
<1/29/2014 8:45:30 PM>[NavM][NavSimp] Found (0) nodes for column.
<1/29/2014 8:45:30 PM>[NavM][NavSimp] End of Column reached. O(0) Cur(1) C(71).
<1/29/2014 8:45:30 PM>[NavM][NavSimp] Creating Navnode <41> at (-113.1, 0.4, 127.4). Extents are set to (1.5, 0.0, 1.5).
<1/29/2014 8:45:30 PM>[NavM][NavSimp] <41> node(s) created through MeshSimplifcation. Part 1.
<1/29/2014 8:45:30 PM>[NavM][NavSimp] Beginning simplification of all available nodes.
<1/29/2014 8:45:30 PM>[NavM][NavSimp] Navmesh simplification completed.
